<?xml version="1.0" encoding="UTF-8"?>
<testng-results skipped="0" failed="0" total="1" passed="1">
  <reporter-output>
  </reporter-output>
  <suite name="Default suite" duration-ms="47596" started-at="2017-03-06T21:12:58Z" finished-at="2017-03-06T21:13:45Z">
    <groups>
    </groups>
    <test name="Default test" duration-ms="47596" started-at="2017-03-06T21:12:58Z" finished-at="2017-03-06T21:13:45Z">
      <class name="disneyPractise.disneySimplePractice">
        <test-method status="PASS" signature="beforeClass()[pri:0, instance:disneyPractise.disneySimplePractice@6e06451e]" name="beforeClass" is-config="true" duration-ms="17970" started-at="2017-03-06T16:12:58Z" finished-at="2017-03-06T16:13:16Z">
          <reporter-output>
          </reporter-output>
        </test-method> <!-- beforeClass -->
        <test-method status="PASS" signature="sampleDinseyTest()[pri:0, instance:disneyPractise.disneySimplePractice@6e06451e]" name="sampleDinseyTest" duration-ms="29569" started-at="2017-03-06T16:13:16Z" finished-at="2017-03-06T16:13:45Z">
          <reporter-output>
          </reporter-output>
        </test-method> <!-- sampleDinseyTest -->
        <test-method status="PASS" signature="afterClass()[pri:0, instance:disneyPractise.disneySimplePractice@6e06451e]" name="afterClass" is-config="true" duration-ms="46" started-at="2017-03-06T16:13:45Z" finished-at="2017-03-06T16:13:45Z">
          <reporter-output>
          </reporter-output>
        </test-method> <!-- afterClass -->
      </class> <!-- disneyPractise.disneySimplePractice -->
    </test> <!-- Default test -->
  </suite> <!-- Default suite -->
</testng-results>
